[ 2013-03-13T11:45:33+08:00 ] 127.0.0.1 /index.php?s=/Supplier-AjaxGetSupplierInfo
INFO: [ app_begin ] --START--
INFO: Run ReadHtmlCache Behavior [ RunTime:0.001628s ]
INFO: [ app_begin ] --END-- [ RunTime:0.001866s ]
SQL: SHOW COLUMNS FROM `rs_supplier` [ RunTime:0.004942s ]
SQL: SELECT * FROM `rs_supplier` WHERE ( `flag` = 1 ) AND ( id=4 ) LIMIT 1   [ RunTime:0.000653s ]

[ 2013-03-13T14:01:37+08:00 ] 127.0.0.1 /index.php?s=/Supplier-AjaxGetSupplierGoods
INFO: [ app_begin ] --START--
INFO: Run ReadHtmlCache Behavior [ RunTime:0.001498s ]
INFO: [ app_begin ] --END-- [ RunTime:0.001720s ]
SQL: SHOW COLUMNS FROM `rs_supplier_goods` [ RunTime:0.004813s ]
SQL: SELECT * FROM `rs_supplier_goods` WHERE ( `flag` = 1 ) AND ( id=44 ) LIMIT 1   [ RunTime:0.000398s ]

[ 2013-03-13T14:04:12+08:00 ] 127.0.0.1 /index.php?s=/Supplier-AjaxGetSupplierGoods
INFO: [ app_begin ] --START--
INFO: Run ReadHtmlCache Behavior [ RunTime:0.002056s ]
INFO: [ app_begin ] --END-- [ RunTime:0.002306s ]
SQL: SHOW COLUMNS FROM `rs_supplier_goods` [ RunTime:0.004193s ]
SQL: SELECT * FROM `rs_supplier_goods` WHERE ( `flag` = 1 ) AND ( id=46 ) LIMIT 1   [ RunTime:0.000395s ]

[ 2013-03-13T14:04:35+08:00 ] 127.0.0.1 /index.php?s=/Supplier-AjaxGetSupplierGoods
INFO: [ app_begin ] --START--
INFO: Run ReadHtmlCache Behavior [ RunTime:0.001137s ]
INFO: [ app_begin ] --END-- [ RunTime:0.001295s ]
SQL: SHOW COLUMNS FROM `rs_supplier_goods` [ RunTime:0.004312s ]
SQL: SELECT * FROM `rs_supplier_goods` WHERE ( `flag` = 1 ) AND ( id=47 ) LIMIT 1   [ RunTime:0.000386s ]

[ 2013-03-13T14:06:41+08:00 ] 127.0.0.1 /index.php?s=/Supplier-AjaxGetSupplierGoods
INFO: [ app_begin ] --START--
INFO: Run ReadHtmlCache Behavior [ RunTime:0.001653s ]
INFO: [ app_begin ] --END-- [ RunTime:0.001824s ]
SQL: SHOW COLUMNS FROM `rs_supplier_goods` [ RunTime:0.007988s ]
SQL: SELECT * FROM `rs_supplier_goods` WHERE ( `flag` = 1 ) AND ( id=48 ) LIMIT 1   [ RunTime:0.000466s ]

[ 2013-03-13T14:07:38+08:00 ] 127.0.0.1 /index.php?s=/Supplier-AjaxGetSupplierGoods
INFO: [ app_begin ] --START--
INFO: Run ReadHtmlCache Behavior [ RunTime:0.004729s ]
INFO: [ app_begin ] --END-- [ RunTime:0.004945s ]
SQL: SHOW COLUMNS FROM `rs_supplier_goods` [ RunTime:0.004363s ]
SQL: SELECT * FROM `rs_supplier_goods` WHERE ( `flag` = 1 ) AND ( id=45 ) LIMIT 1   [ RunTime:0.000379s ]

[ 2013-03-13T14:08:43+08:00 ] 127.0.0.1 /index.php?s=/Supplier-AjaxGetSupplierGoods
INFO: [ app_begin ] --START--
INFO: Run ReadHtmlCache Behavior [ RunTime:0.001173s ]
INFO: [ app_begin ] --END-- [ RunTime:0.001322s ]
SQL: SHOW COLUMNS FROM `rs_supplier_goods` [ RunTime:0.004989s ]
SQL: SELECT * FROM `rs_supplier_goods` WHERE ( `flag` = 1 ) AND ( id=45 ) LIMIT 1   [ RunTime:0.000381s ]

[ 2013-03-13T14:08:48+08:00 ] 127.0.0.1 /index.php?s=/Supplier-AjaxGetSupplierGoods
INFO: [ app_begin ] --START--
INFO: Run ReadHtmlCache Behavior [ RunTime:0.001178s ]
INFO: [ app_begin ] --END-- [ RunTime:0.001358s ]
SQL: SHOW COLUMNS FROM `rs_supplier_goods` [ RunTime:0.005676s ]
SQL: SELECT * FROM `rs_supplier_goods` WHERE ( `flag` = 1 ) AND ( id=45 ) LIMIT 1   [ RunTime:0.000460s ]

[ 2013-03-13T14:09:00+08:00 ] 127.0.0.1 /index.php?s=/Supplier-AjaxGetSupplierGoods
INFO: [ app_begin ] --START--
INFO: Run ReadHtmlCache Behavior [ RunTime:0.001371s ]
INFO: [ app_begin ] --END-- [ RunTime:0.001599s ]
SQL: SHOW COLUMNS FROM `rs_supplier_goods` [ RunTime:0.004438s ]
SQL: SELECT * FROM `rs_supplier_goods` WHERE ( `flag` = 1 ) AND ( id=45 ) LIMIT 1   [ RunTime:0.000401s ]

