[ 2013-03-28T17:15:14+08:00 ] ERR: (ThinkException) 无法加载模块:Supplier/getSupplierList
[ 2013-03-28T17:16:18+08:00 ] ERR: (ThinkException) 无法加载模块:Supplier/getSupplierList
[ 2013-03-28T17:16:20+08:00 ] ERR: (ThinkException) 无法加载模块:Supplier/getSupplierList
[ 2013-03-28T17:16:21+08:00 ] ERR: (ThinkException) 无法加载模块:Supplier/getSupplierList
[ 2013-03-28T17:16:21+08:00 ] ERR: (ThinkException) 无法加载模块:Supplier/getSupplierList
[ 2013-03-28T17:16:21+08:00 ] ERR: (ThinkException) 无法加载模块:Supplier/getSupplierList
[ 2013-03-28T17:16:27+08:00 ] ERR: (ThinkException) 无法加载模块:Supplier/getSupplierList
[ 2013-03-28T17:16:28+08:00 ] ERR: (ThinkException) 无法加载模块:Supplier/getSupplierList
[ 2013-03-28T17:16:57+08:00 ] ERR: (ThinkException) 无法加载模块:Supplier/getSupplierList
[ 2013-03-28T17:17:05+08:00 ] ERR: (ThinkException) 无法加载模块:Supplier/getSupplierList
[ 2013-03-28T17:18:15+08:00 ] ERR: (ThinkException) 无法加载模块:Supplier/getSupplierList
[ 2013-03-28T17:18:55+08:00 ] ERR: (ThinkException) 无法加载模块:Supplier/getSupplierList
[ 2013-03-28T17:19:02+08:00 ] 127.0.0.1 /index.php?s=/Supplier-getSupplierList
INFO: [ app_begin ] --START--
INFO: Run ReadHtmlCache Behavior [ RunTime:0.000836s ]
INFO: [ app_begin ] --END-- [ RunTime:0.000961s ]
SQL: SHOW COLUMNS FROM `rs_supplier` [ RunTime:0.006031s ]
SQL: SELECT * FROM `rs_supplier` WHERE ( supplier like '%[object Object]%' or sid like '%[object Object]%' )  [ RunTime:0.000474s ]

[ 2013-03-28T17:20:16+08:00 ] 127.0.0.1 /index.php?s=/Supplier-getSupplierList
INFO: [ app_begin ] --START--
INFO: Run ReadHtmlCache Behavior [ RunTime:0.001558s ]
INFO: [ app_begin ] --END-- [ RunTime:0.001780s ]
SQL: SHOW COLUMNS FROM `rs_supplier` [ RunTime:0.004309s ]
SQL: SELECT * FROM `rs_supplier` WHERE ( supplier like '%[object Object]%' or sid like '%[object Object]%' )  [ RunTime:0.000392s ]

[ 2013-03-28T17:20:47+08:00 ] 127.0.0.1 /index.php?s=/Supplier-getSupplierList
INFO: [ app_begin ] --START--
INFO: Run ReadHtmlCache Behavior [ RunTime:0.000674s ]
INFO: [ app_begin ] --END-- [ RunTime:0.000788s ]
SQL: SHOW COLUMNS FROM `rs_supplier` [ RunTime:0.004431s ]
SQL: SELECT * FROM `rs_supplier` WHERE ( supplier like '%[object Object]%' or sid like '%[object Object]%' )  [ RunTime:0.001462s ]

[ 2013-03-28T17:21:02+08:00 ] 127.0.0.1 /index.php?s=/Supplier-getSupplierList
INFO: [ app_begin ] --START--
INFO: Run ReadHtmlCache Behavior [ RunTime:0.000647s ]
INFO: [ app_begin ] --END-- [ RunTime:0.000761s ]
SQL: SHOW COLUMNS FROM `rs_supplier` [ RunTime:0.004643s ]
SQL: SELECT * FROM `rs_supplier` WHERE ( supplier like '%[object Object]%' or sid like '%[object Object]%' )  [ RunTime:0.000404s ]

[ 2013-03-28T17:21:08+08:00 ] 127.0.0.1 /index.php?s=/Supplier-getSupplierList
INFO: [ app_begin ] --START--
INFO: Run ReadHtmlCache Behavior [ RunTime:0.002144s ]
INFO: [ app_begin ] --END-- [ RunTime:0.002343s ]
SQL: SHOW COLUMNS FROM `rs_supplier` [ RunTime:0.004940s ]
SQL: SELECT * FROM `rs_supplier` WHERE ( supplier like '%[object Object]%' or sid like '%[object Object]%' )  [ RunTime:0.000485s ]

[ 2013-03-28T17:21:29+08:00 ] 127.0.0.1 /index.php?s=/Supplier-getSupplierList
INFO: [ app_begin ] --START--
INFO: Run ReadHtmlCache Behavior [ RunTime:0.000885s ]
INFO: [ app_begin ] --END-- [ RunTime:0.001038s ]
SQL: SHOW COLUMNS FROM `rs_supplier` [ RunTime:0.004959s ]
SQL: SELECT * FROM `rs_supplier` WHERE ( supplier like '%[object Object]%' or sid like '%[object Object]%' )  [ RunTime:0.000397s ]

[ 2013-03-28T17:22:19+08:00 ] 127.0.0.1 /index.php?s=/Supplier-getSupplierList
INFO: [ app_begin ] --START--
INFO: Run ReadHtmlCache Behavior [ RunTime:0.001019s ]
INFO: [ app_begin ] --END-- [ RunTime:0.001145s ]
SQL: SHOW COLUMNS FROM `rs_supplier` [ RunTime:0.004698s ]
SQL: SELECT * FROM `rs_supplier` WHERE ( supplier like '%[object Object]%' or sid like '%[object Object]%' )  [ RunTime:0.000405s ]

[ 2013-03-28T17:22:51+08:00 ] 127.0.0.1 /index.php?s=/Supplier-getSupplierList
INFO: [ app_begin ] --START--
INFO: Run ReadHtmlCache Behavior [ RunTime:0.001210s ]
INFO: [ app_begin ] --END-- [ RunTime:0.001356s ]
SQL: SHOW COLUMNS FROM `rs_supplier` [ RunTime:0.005698s ]
SQL: SELECT * FROM `rs_supplier` WHERE ( supplier like '%[object Object]%' or sid like '%[object Object]%' )  [ RunTime:0.000803s ]

[ 2013-03-28T17:23:03+08:00 ] 127.0.0.1 /index.php?s=/Supplier-getSupplierList
INFO: [ app_begin ] --START--
INFO: Run ReadHtmlCache Behavior [ RunTime:0.001314s ]
INFO: [ app_begin ] --END-- [ RunTime:0.001518s ]
SQL: SHOW COLUMNS FROM `rs_supplier` [ RunTime:0.013520s ]
SQL: SELECT * FROM `rs_supplier` WHERE ( supplier like '%[object Object]%' or sid like '%[object Object]%' )  [ RunTime:0.000599s ]

[ 2013-03-28T17:23:12+08:00 ] 127.0.0.1 /index.php?s=/Supplier-getSupplierList
INFO: [ app_begin ] --START--
INFO: Run ReadHtmlCache Behavior [ RunTime:0.000795s ]
INFO: [ app_begin ] --END-- [ RunTime:0.000915s ]
SQL: SHOW COLUMNS FROM `rs_supplier` [ RunTime:0.005003s ]
SQL: SELECT * FROM `rs_supplier` WHERE ( supplier like '%[object Object]%' or sid like '%[object Object]%' )  [ RunTime:0.000398s ]

[ 2013-03-28T17:23:51+08:00 ] 127.0.0.1 /index.php?s=/Supplier-getSupplierList
INFO: [ app_begin ] --START--
INFO: Run ReadHtmlCache Behavior [ RunTime:0.000905s ]
INFO: [ app_begin ] --END-- [ RunTime:0.001035s ]
SQL: SHOW COLUMNS FROM `rs_supplier` [ RunTime:0.005956s ]
SQL: SELECT * FROM `rs_supplier` WHERE ( supplier like '%34%' or sid like '%34%' )  [ RunTime:0.000574s ]

[ 2013-03-28T17:23:58+08:00 ] 127.0.0.1 /index.php?s=/Supplier-getSupplierList
INFO: [ app_begin ] --START--
INFO: Run ReadHtmlCache Behavior [ RunTime:0.000909s ]
INFO: [ app_begin ] --END-- [ RunTime:0.001040s ]
SQL: SHOW COLUMNS FROM `rs_supplier` [ RunTime:0.004532s ]
SQL: SELECT * FROM `rs_supplier` WHERE ( supplier like '%马祥%' or sid like '%马祥%' )  [ RunTime:0.000525s ]

[ 2013-03-28T17:24:53+08:00 ] 127.0.0.1 /index.php?s=/Supplier-getSupplierList
INFO: [ app_begin ] --START--
INFO: Run ReadHtmlCache Behavior [ RunTime:0.000975s ]
INFO: [ app_begin ] --END-- [ RunTime:0.001122s ]
SQL: SHOW COLUMNS FROM `rs_supplier` [ RunTime:0.007872s ]
SQL: SELECT * FROM `rs_supplier` WHERE ( supplier like '%供货商名称/供货商编号%' or sid like '%供货商名称/供货商编号%' )  [ RunTime:0.000533s ]

[ 2013-03-28T17:24:56+08:00 ] 127.0.0.1 /index.php?s=/Supplier-getSupplierList
INFO: [ app_begin ] --START--
INFO: Run ReadHtmlCache Behavior [ RunTime:0.000905s ]
INFO: [ app_begin ] --END-- [ RunTime:0.001025s ]
SQL: SHOW COLUMNS FROM `rs_supplier` [ RunTime:0.004956s ]
SQL: SELECT * FROM `rs_supplier` WHERE ( supplier like '%12%' or sid like '%12%' )  [ RunTime:0.000446s ]

[ 2013-03-28T17:25:07+08:00 ] 127.0.0.1 /index.php?s=/Supplier-getSupplierList
INFO: [ app_begin ] --START--
INFO: Run ReadHtmlCache Behavior [ RunTime:0.000796s ]
INFO: [ app_begin ] --END-- [ RunTime:0.000912s ]
SQL: SHOW COLUMNS FROM `rs_supplier` [ RunTime:0.006080s ]
SQL: SELECT * FROM `rs_supplier` WHERE ( supplier like '%马祥数量%' or sid like '%马祥数量%' )  [ RunTime:0.000622s ]

[ 2013-03-28T17:25:09+08:00 ] 127.0.0.1 /index.php?s=/Supplier-getSupplierList
INFO: [ app_begin ] --START--
INFO: Run ReadHtmlCache Behavior [ RunTime:0.001038s ]
INFO: [ app_begin ] --END-- [ RunTime:0.001197s ]
SQL: SHOW COLUMNS FROM `rs_supplier` [ RunTime:0.007702s ]
SQL: SELECT * FROM `rs_supplier` WHERE ( supplier like '%马祥数量1%' or sid like '%马祥数量1%' )  [ RunTime:0.000492s ]

[ 2013-03-28T17:29:28+08:00 ] 127.0.0.1 /index.php?s=/Supplier-getSupplierList
INFO: [ app_begin ] --START--
INFO: Run ReadHtmlCache Behavior [ RunTime:0.000869s ]
INFO: [ app_begin ] --END-- [ RunTime:0.000986s ]
SQL: SHOW COLUMNS FROM `rs_supplier` [ RunTime:0.005132s ]
SQL: SELECT * FROM `rs_supplier` WHERE ( supplier like '%马祥数量%' or sid like '%马祥数量%' )  [ RunTime:0.000496s ]

[ 2013-03-28T17:29:29+08:00 ] ERR: (ThinkException) 模板不存在[./Modules/Supply/Tpl/Purchase/findSupplier.html]
[ 2013-03-28T17:30:04+08:00 ] 127.0.0.1 /index.php?s=/Supplier-getSupplierList
INFO: [ app_begin ] --START--
INFO: Run ReadHtmlCache Behavior [ RunTime:0.000784s ]
INFO: [ app_begin ] --END-- [ RunTime:0.000897s ]
SQL: SHOW COLUMNS FROM `rs_supplier` [ RunTime:0.004483s ]
SQL: SELECT * FROM `rs_supplier` WHERE ( supplier like '%马祥数量%' or sid like '%马祥数量%' )  [ RunTime:0.000522s ]

[ 2013-03-28T17:30:12+08:00 ] 127.0.0.1 /index.php?s=/Supplier-getSupplierList
INFO: [ app_begin ] --START--
INFO: Run ReadHtmlCache Behavior [ RunTime:0.000857s ]
INFO: [ app_begin ] --END-- [ RunTime:0.000979s ]
SQL: SHOW COLUMNS FROM `rs_supplier` [ RunTime:0.005252s ]
SQL: SELECT * FROM `rs_supplier` WHERE ( supplier like '%马祥数量1%' or sid like '%马祥数量1%' )  [ RunTime:0.000514s ]

[ 2013-03-28T17:30:43+08:00 ] 127.0.0.1 /index.php?s=/Supplier-getSupplierList
INFO: [ app_begin ] --START--
INFO: Run ReadHtmlCache Behavior [ RunTime:0.001053s ]
INFO: [ app_begin ] --END-- [ RunTime:0.001183s ]
SQL: SHOW COLUMNS FROM `rs_supplier` [ RunTime:0.005845s ]
SQL: SELECT * FROM `rs_supplier` WHERE ( supplier like '%马祥数量%' or sid like '%马祥数量%' )  [ RunTime:0.000669s ]

[ 2013-03-28T17:31:08+08:00 ] 127.0.0.1 /index.php?s=/Supplier-getSupplierList
INFO: [ app_begin ] --START--
INFO: Run ReadHtmlCache Behavior [ RunTime:0.001176s ]
INFO: [ app_begin ] --END-- [ RunTime:0.001406s ]
SQL: SHOW COLUMNS FROM `rs_supplier` [ RunTime:0.004461s ]
SQL: SELECT * FROM `rs_supplier` WHERE ( supplier like '%马祥数量%' or sid like '%马祥数量%' )  [ RunTime:0.000455s ]

[ 2013-03-28T17:31:42+08:00 ] 127.0.0.1 /index.php?s=/Supplier-getSupplierList
INFO: [ app_begin ] --START--
INFO: Run ReadHtmlCache Behavior [ RunTime:0.000797s ]
INFO: [ app_begin ] --END-- [ RunTime:0.000917s ]
SQL: SHOW COLUMNS FROM `rs_supplier` [ RunTime:0.005654s ]
SQL: SELECT * FROM `rs_supplier` WHERE ( supplier like '%马祥数量1%' or sid like '%马祥数量1%' )  [ RunTime:0.000451s ]

[ 2013-03-28T17:31:49+08:00 ] 127.0.0.1 /index.php?s=/Supplier-getSupplierList
INFO: [ app_begin ] --START--
INFO: Run ReadHtmlCache Behavior [ RunTime:0.002956s ]
INFO: [ app_begin ] --END-- [ RunTime:0.003152s ]
SQL: SHOW COLUMNS FROM `rs_supplier` [ RunTime:0.004401s ]
SQL: SELECT * FROM `rs_supplier` WHERE ( supplier like '%马祥数量%' or sid like '%马祥数量%' )  [ RunTime:0.000438s ]

