[ 2013-03-09T10:08:27+08:00 ] ERR: (ThinkException) 无法加载模块:login
[ 2013-03-09T10:56:25+08:00 ] ERR: (ThinkException) 无法加载模块:login
[ 2013-03-09T10:56:27+08:00 ] ERR: (ThinkException) 无法加载模块:login
[ 2013-03-09T10:56:27+08:00 ] ERR: (ThinkException) 无法加载模块:login
[ 2013-03-09T10:56:59+08:00 ] ERR: (ThinkException) 无法加载模块:login
[ 2013-03-09T10:57:00+08:00 ] ERR: (ThinkException) 无法加载模块:login
[ 2013-03-09T10:57:01+08:00 ] ERR: (ThinkException) 无法加载模块:login
[ 2013-03-09T10:57:42+08:00 ] ERR: (ThinkException) 无法加载模块:login
[ 2013-03-09T10:57:42+08:00 ] ERR: (ThinkException) 无法加载模块:login
[ 2013-03-09T10:57:43+08:00 ] ERR: (ThinkException) 无法加载模块:login
[ 2013-03-09T10:58:05+08:00 ] ERR: (ThinkException) 无法加载模块:login
[ 2013-03-09T10:58:06+08:00 ] ERR: (ThinkException) 无法加载模块:login
[ 2013-03-09T10:58:07+08:00 ] ERR: (ThinkException) 无法加载模块:login
[ 2013-03-09T10:58:08+08:00 ] ERR: (ThinkException) 无法加载模块:login
[ 2013-03-09T10:58:55+08:00 ] ERR: (ThinkException) 无法加载模块:login
[ 2013-03-09T10:58:56+08:00 ] ERR: (ThinkException) 无法加载模块:login
[ 2013-03-09T10:58:57+08:00 ] ERR: (ThinkException) 无法加载模块:login
[ 2013-03-09T10:59:35+08:00 ] ERR: (ThinkException) 无法加载模块:login
[ 2013-03-09T10:59:35+08:00 ] ERR: (ThinkException) 无法加载模块:login
[ 2013-03-09T11:00:01+08:00 ] ERR: (ThinkException) 无法加载模块:login
[ 2013-03-09T11:00:02+08:00 ] ERR: (ThinkException) 无法加载模块:login
[ 2013-03-09T11:00:03+08:00 ] ERR: (ThinkException) 无法加载模块:login
[ 2013-03-09T11:00:51+08:00 ] ERR: (ThinkException) 无法加载模块:login
[ 2013-03-09T11:00:52+08:00 ] ERR: (ThinkException) 无法加载模块:login
[ 2013-03-09T11:00:52+08:00 ] ERR: (ThinkException) 无法加载模块:login
[ 2013-03-09T11:00:53+08:00 ] ERR: (ThinkException) 无法加载模块:login
[ 2013-03-09T11:01:36+08:00 ] ERR: (ThinkException) 无法加载模块:login
[ 2013-03-09T11:01:37+08:00 ] ERR: (ThinkException) 无法加载模块:login
[ 2013-03-09T11:01:38+08:00 ] ERR: (ThinkException) 无法加载模块:login
[ 2013-03-09T11:02:19+08:00 ] ERR: (ThinkException) 无法加载模块:login
[ 2013-03-09T11:02:22+08:00 ] ERR: (ThinkException) 无法加载模块:login
[ 2013-03-09T11:02:48+08:00 ] ERR: (ThinkException) 无法加载模块:login
[ 2013-03-09T11:02:54+08:00 ] ERR: (ThinkException) 无法加载模块:login
[ 2013-03-09T11:02:55+08:00 ] ERR: (ThinkException) 无法加载模块:login
[ 2013-03-09T11:02:55+08:00 ] ERR: (ThinkException) 无法加载模块:login
[ 2013-03-09T11:02:55+08:00 ] ERR: (ThinkException) 无法加载模块:login
[ 2013-03-09T11:04:03+08:00 ] ERR: (ThinkException) 无法加载模块:login
[ 2013-03-09T11:04:06+08:00 ] ERR: (ThinkException) 模板不存在[./Modules/Supply/Tpl/Login/index.html]
[ 2013-03-09T11:06:51+08:00 ] ERR: (ThinkException) 无法加载模块:Login
[ 2013-03-09T11:38:13+08:00 ] ERR: (ThinkException) 无法加载模块:Login/index
[ 2013-03-09T11:39:11+08:00 ] ERR: (ThinkException) 无法加载模块:Login/index
[ 2013-03-09T11:39:11+08:00 ] ERR: (ThinkException) 无法加载模块:Login/index
[ 2013-03-09T11:39:11+08:00 ] ERR: (ThinkException) 无法加载模块:Login/index
[ 2013-03-09T11:39:12+08:00 ] ERR: (ThinkException) 无法加载模块:Login/index
[ 2013-03-09T11:39:12+08:00 ] ERR: (ThinkException) 无法加载模块:Login/index
[ 2013-03-09T11:39:12+08:00 ] ERR: (ThinkException) 无法加载模块:Login/index
[ 2013-03-09T11:39:12+08:00 ] ERR: (ThinkException) 无法加载模块:Login/index
[ 2013-03-09T11:39:12+08:00 ] ERR: (ThinkException) 无法加载模块:Login/index
[ 2013-03-09T11:40:25+08:00 ] ERR: (ThinkException) 无法加载模块:Login/index
[ 2013-03-09T11:40:25+08:00 ] ERR: (ThinkException) 无法加载模块:Login/index
[ 2013-03-09T11:42:11+08:00 ] ERR: (ThinkException) 无法加载模块:Login/index
[ 2013-03-09T11:42:11+08:00 ] ERR: (ThinkException) 无法加载模块:Login/index
[ 2013-03-09T11:42:13+08:00 ] ERR: (ThinkException) 无法加载模块:Login/index
[ 2013-03-09T11:42:15+08:00 ] ERR: (ThinkException) 无法加载模块:Login/index
[ 2013-03-09T11:42:21+08:00 ] ERR: (ThinkException) 模板不存在[./Modules/Supply/Tpl/Login/index.html]
[ 2013-03-09T11:44:14+08:00 ] ERR: (ThinkException) 模板不存在[./Modules/Supply/Tpl/Login/index.html]
[ 2013-03-09T14:36:32+08:00 ] ERR: (ThinkException) Model:checkName您所请求的方法不存在！
[ 2013-03-09T14:37:13+08:00 ] ERR: (ThinkException) Model:_post您所请求的方法不存在！
